Build started 9/5/2014 12:54:37 PM.
     1>Project "D:\Chuan\Documents\Visual Studio 2010\Projects\Expression\Expression\Expression.vcxproj" on node 2 (rebuild target(s)).
     1>_PrepareForClean:
         Deleting file "Debug\Expression.lastbuildstate".
       InitializeBuildStatus:
         Creating "Debug\Expression.unsuccessfulbuild" because "AlwaysCreate" was specified.
       ClCompile:
         C:\Program Files (x86)\Microsoft Visual Studio 10.0\VC\bin\CL.exe /c /ZI /nologo /W3 /WX- /Od /Oy- /D WIN32 /D _WINDOWS /D _DEBUG /D _UNICODE /D UNICODE /Gm /EHsc /RTC1 /MTd /GS /fp:precise /Zc:wchar_t /Zc:forScope /Yc"StdAfx.h" /Fp"Debug\Expression.pch" /Fo"Debug\\" /Fd"Debug\vc100.pdb" /Gd /TP /analyze- /errorReport:prompt stdafx.cpp
         stdafx.cpp
         C:\Program Files (x86)\Microsoft Visual Studio 10.0\VC\bin\CL.exe /c /ZI /nologo /W3 /WX- /Od /Oy- /D WIN32 /D _WINDOWS /D _DEBUG /D _UNICODE /D UNICODE /Gm /EHsc /RTC1 /MTd /GS /fp:precise /Zc:wchar_t /Zc:forScope /Yu"StdAfx.h" /Fp"Debug\Expression.pch" /Fo"Debug\\" /Fd"Debug\vc100.pdb" /Gd /TP /analyze- /errorReport:prompt AboutAminoAcids.cpp AboutBases.cpp AboutExpression.cpp CDSSelect.cpp Expression.cpp ExpressionDlg.cpp ImportFASTA.cpp
         ImportFASTA.cpp
     1>d:\chuan\documents\visual studio 2010\projects\expression\expression\importfasta.cpp(84): warning C4996: 'fopen': This function or variable may be unsafe. Consider using fopen_s instead. To disable deprecation, use _CRT_SECURE_NO_WARNINGS. See online help for details.
                 c:\program files (x86)\microsoft visual studio 10.0\vc\include\stdio.h(234) : see declaration of 'fopen'
         ExpressionDlg.cpp
     1>d:\chuan\documents\visual studio 2010\projects\expression\expression\expressiondlg.cpp(348): warning C4996: 'fopen': This function or variable may be unsafe. Consider using fopen_s instead. To disable deprecation, use _CRT_SECURE_NO_WARNINGS. See online help for details.
                 c:\program files (x86)\microsoft visual studio 10.0\vc\include\stdio.h(234) : see declaration of 'fopen'
         Expression.cpp
         CDSSelect.cpp
         AboutExpression.cpp
         AboutBases.cpp
         AboutAminoAcids.cpp
         Generating Code...
       ResourceCompile:
         C:\Program Files (x86)\Microsoft SDKs\Windows\v7.0A\bin\rc.exe /D _DEBUG /D _UNICODE /D UNICODE /l"0x0409" /IDebug\ /nologo /fo"Debug\Expression.res" Expression.rc 
       ManifestResourceCompile:
         C:\Program Files (x86)\Microsoft SDKs\Windows\v7.0A\bin\rc.exe /nologo /fo"Debug\Expression.exe.embed.manifest.res" Debug\Expression_manifest.rc 
       Link:
         C:\Program Files (x86)\Microsoft Visual Studio 10.0\VC\bin\link.exe /ERRORREPORT:PROMPT /OUT:"D:\Chuan\Documents\Visual Studio 2010\Projects\Expression\Debug\Expression.exe" /INCREMENTAL /NOLOGO /MANIFEST /ManifestFile:"Debug\Expression.exe.intermediate.manifest" /MANIFESTUAC:"level='asInvoker' uiAccess='false'" /DEBUG /PDB:"D:\Chuan\Documents\Visual Studio 2010\Projects\Expression\Debug\Expression.pdb" /SUBSYSTEM:WINDOWS /TLBID:1 /ENTRY:"wWinMainCRTStartup" /DYNAMICBASE /NXCOMPAT /IMPLIB:"D:\Chuan\Documents\Visual Studio 2010\Projects\Expression\Debug\Expression.lib" /MACHINE:X86 Debug\Expression.res
         Debug\Expression.exe.embed.manifest.res
         Debug\AboutAminoAcids.obj
         Debug\AboutBases.obj
         Debug\AboutExpression.obj
         Debug\CDSSelect.obj
         Debug\Expression.obj
         Debug\ExpressionDlg.obj
         Debug\ImportFASTA.obj
         Debug\stdafx.obj
       Manifest:
         Deleting file "Debug\Expression.exe.embed.manifest".
         C:\Program Files (x86)\Microsoft SDKs\Windows\v7.0A\bin\mt.exe /nologo /verbose /out:"Debug\Expression.exe.embed.manifest" /manifest Debug\Expression.exe.intermediate.manifest "C:\Program Files (x86)\Microsoft Visual Studio 10.0\VC\Include\Manifest\dpiaware.manifest"
         C:\Program Files (x86)\Microsoft SDKs\Windows\v7.0A\bin\rc.exe /nologo /fo"Debug\Expression.exe.embed.manifest.res" Debug\Expression_manifest.rc 
       LinkEmbedManifest:
         C:\Program Files (x86)\Microsoft Visual Studio 10.0\VC\bin\link.exe /ERRORREPORT:PROMPT /OUT:"D:\Chuan\Documents\Visual Studio 2010\Projects\Expression\Debug\Expression.exe" /INCREMENTAL /NOLOGO /MANIFEST /ManifestFile:"Debug\Expression.exe.intermediate.manifest" /MANIFESTUAC:"level='asInvoker' uiAccess='false'" /DEBUG /PDB:"D:\Chuan\Documents\Visual Studio 2010\Projects\Expression\Debug\Expression.pdb" /SUBSYSTEM:WINDOWS /TLBID:1 /ENTRY:"wWinMainCRTStartup" /DYNAMICBASE /NXCOMPAT /IMPLIB:"D:\Chuan\Documents\Visual Studio 2010\Projects\Expression\Debug\Expression.lib" /MACHINE:X86 Debug\Expression.res
         Debug\Expression.exe.embed.manifest.res
         Debug\AboutAminoAcids.obj
         Debug\AboutBases.obj
         Debug\AboutExpression.obj
         Debug\CDSSelect.obj
         Debug\Expression.obj
         Debug\ExpressionDlg.obj
         Debug\ImportFASTA.obj
         Debug\stdafx.obj
         Expression.vcxproj -> D:\Chuan\Documents\Visual Studio 2010\Projects\Expression\Debug\Expression.exe
       FinalizeBuildStatus:
         Deleting file "Debug\Expression.unsuccessfulbuild".
         Touching "Debug\Expression.lastbuildstate".
     1>Done Building Project "D:\Chuan\Documents\Visual Studio 2010\Projects\Expression\Expression\Expression.vcxproj" (rebuild target(s)).

Build succeeded.

Time Elapsed 00:00:15.03
