D:\CHUAN\DOCUMENTS\VISUAL STUDIO 2010\PROJECTS\EXPRESSION\DEBUG\EXPRESSION.EXE
D:\CHUAN\DOCUMENTS\VISUAL STUDIO 2010\PROJECTS\EXPRESSION\DEBUG\EXPRESSION.ILK
D:\CHUAN\DOCUMENTS\VISUAL STUDIO 2010\PROJECTS\EXPRESSION\DEBUG\EXPRESSION.PDB
D:\CHUAN\DOCUMENTS\VISUAL STUDIO 2010\PROJECTS\EXPRESSION\EXPRESSION\DEBUG\ABOUTAMINOACIDS.OBJ
D:\CHUAN\DOCUMENTS\VISUAL STUDIO 2010\PROJECTS\EXPRESSION\EXPRESSION\DEBUG\ABOUTBASES.OBJ
D:\CHUAN\DOCUMENTS\VISUAL STUDIO 2010\PROJECTS\EXPRESSION\EXPRESSION\DEBUG\ABOUTEXPRESSION.OBJ
D:\CHUAN\DOCUMENTS\VISUAL STUDIO 2010\PROJECTS\EXPRESSION\EXPRESSION\DEBUG\CDSSELECT.OBJ
D:\Chuan\Documents\Visual Studio 2010\Projects\Expression\Expression\Debug\cl.command.1.tlog
D:\Chuan\Documents\Visual Studio 2010\Projects\Expression\Expression\Debug\CL.read.1.tlog
D:\Chuan\Documents\Visual Studio 2010\Projects\Expression\Expression\Debug\CL.write.1.tlog
D:\CHUAN\DOCUMENTS\VISUAL STUDIO 2010\PROJECTS\EXPRESSION\EXPRESSION\DEBUG\EXPRESSION.EXE.EMBED.MANIFEST
D:\CHUAN\DOCUMENTS\VISUAL STUDIO 2010\PROJECTS\EXPRESSION\EXPRESSION\DEBUG\EXPRESSION.EXE.EMBED.MANIFEST.RES
D:\CHUAN\DOCUMENTS\VISUAL STUDIO 2010\PROJECTS\EXPRESSION\EXPRESSION\DEBUG\EXPRESSION.EXE.INTERMEDIATE.MANIFEST
D:\CHUAN\DOCUMENTS\VISUAL STUDIO 2010\PROJECTS\EXPRESSION\EXPRESSION\DEBUG\EXPRESSION.OBJ
D:\CHUAN\DOCUMENTS\VISUAL STUDIO 2010\PROJECTS\EXPRESSION\EXPRESSION\DEBUG\EXPRESSION.PCH
D:\CHUAN\DOCUMENTS\VISUAL STUDIO 2010\PROJECTS\EXPRESSION\EXPRESSION\DEBUG\EXPRESSION.RES
D:\Chuan\Documents\Visual Studio 2010\Projects\Expression\Expression\Debug\Expression.vcxprojResolveAssemblyReference.cache
D:\Chuan\Documents\Visual Studio 2010\Projects\Expression\Expression\Debug\Expression.write.1.tlog
D:\Chuan\Documents\Visual Studio 2010\Projects\Expression\Expression\Debug\Expression_manifest.rc
D:\CHUAN\DOCUMENTS\VISUAL STUDIO 2010\PROJECTS\EXPRESSION\EXPRESSION\DEBUG\EXPRESSIONDLG.OBJ
D:\CHUAN\DOCUMENTS\VISUAL STUDIO 2010\PROJECTS\EXPRESSION\EXPRESSION\DEBUG\IMPORTFASTA.OBJ
D:\Chuan\Documents\Visual Studio 2010\Projects\Expression\Expression\Debug\link.command.1.tlog
D:\Chuan\Documents\Visual Studio 2010\Projects\Expression\Expression\Debug\link.read.1.tlog
D:\Chuan\Documents\Visual Studio 2010\Projects\Expression\Expression\Debug\link.write.1.tlog
D:\Chuan\Documents\Visual Studio 2010\Projects\Expression\Expression\Debug\link-cvtres.read.1.tlog
D:\Chuan\Documents\Visual Studio 2010\Projects\Expression\Expression\Debug\link-cvtres.write.1.tlog
D:\Chuan\Documents\Visual Studio 2010\Projects\Expression\Expression\Debug\mt.command.1.tlog
D:\Chuan\Documents\Visual Studio 2010\Projects\Expression\Expression\Debug\mt.read.1.tlog
D:\Chuan\Documents\Visual Studio 2010\Projects\Expression\Expression\Debug\mt.write.1.tlog
D:\Chuan\Documents\Visual Studio 2010\Projects\Expression\Expression\Debug\rc.command.1.tlog
D:\Chuan\Documents\Visual Studio 2010\Projects\Expression\Expression\Debug\rc.read.1.tlog
D:\Chuan\Documents\Visual Studio 2010\Projects\Expression\Expression\Debug\rc.write.1.tlog
D:\CHUAN\DOCUMENTS\VISUAL STUDIO 2010\PROJECTS\EXPRESSION\EXPRESSION\DEBUG\STDAFX.OBJ
D:\Chuan\Documents\Visual Studio 2010\Projects\Expression\Expression\Debug\vc100.idb
D:\CHUAN\DOCUMENTS\VISUAL STUDIO 2010\PROJECTS\EXPRESSION\EXPRESSION\DEBUG\VC100.PDB
